<?xml version="1.0" encoding="UTF-8"?>
<!-- Generated by org.testng.reporters.JUnitReportReporter -->
<testsuite hostname="WW740L23039C" name="rafJenkins.rafhelloworld" tests="1" failures="0" timestamp="19 Jul 2016 03:03:52 GMT" time="0.021" errors="0">
  <testcase name="testPrintHelloWorld" time="0.021" classname="rafJenkins.rafhelloworld"/>
</testsuite> <!-- rafJenkins.rafhelloworld -->
